<?xml version="1.0" encoding="UTF-8"?>
<testsuite xmlns:xsi="http://www.w3.org/2001/XMLSchema-instance"
           xsi:noNamespaceSchemaLocation="https://maven.apache.org/surefire/maven-surefire-plugin/xsd/surefire-test-report.xsd"
           name="com.legend.cloud.campus.facade.LegendCampusFacadeApplicationTests" time="4.291" tests="1" errors="0"
           skipped="0" failures="0">
    <properties>
        <property name="sun.desktop" value="windows"/>
        <property name="awt.toolkit" value="sun.awt.windows.WToolkit"/>
        <property name="file.encoding.pkg" value="sun.io"/>
        <property name="java.specification.version" value="1.8"/>
        <property name="sun.cpu.isalist" value="amd64"/>
        <property name="sun.jnu.encoding" value="GBK"/>
        <property name="java.class.path"
                  value="D:\My\git\repositories\Bugs\legend-cloud\legend-campus\legend-campus-facade\target\test-classes;D:\My\git\repositories\Bugs\legend-cloud\legend-campus\legend-campus-facade\target\classes;D:\My\git\repositories\Bugs\legend-cloud\legend-campus\legend-campus-service\target\legend-campus-service-0.0.1-SNAPSHOT.jar;D:\My\git\repositories\Bugs\legend-cloud\legend-campus\legend-campus-dao\target\legend-campus-dao-0.0.1-SNAPSHOT.jar;D:\My\Maven\repository\org\springframework\boot\spring-boot-configuration-processor\2.0.0.RELEASE\spring-boot-configuration-processor-2.0.0.RELEASE.jar;D:\My\Maven\repository\org\springframework\boot\spring-boot-starter-test\2.0.0.RELEASE\spring-boot-starter-test-2.0.0.RELEASE.jar;D:\My\Maven\repository\org\springframework\boot\spring-boot-starter\2.0.0.RELEASE\spring-boot-starter-2.0.0.RELEASE.jar;D:\My\Maven\repository\org\springframework\boot\spring-boot\2.0.0.RELEASE\spring-boot-2.0.0.RELEASE.jar;D:\My\Maven\repository\org\springframework\boot\spring-boot-starter-logging\2.0.0.RELEASE\spring-boot-starter-logging-2.0.0.RELEASE.jar;D:\My\Maven\repository\ch\qos\logback\logback-classic\1.2.3\logback-classic-1.2.3.jar;D:\My\Maven\repository\ch\qos\logback\logback-core\1.2.3\logback-core-1.2.3.jar;D:\My\Maven\repository\org\apache\logging\log4j\log4j-to-slf4j\2.10.0\log4j-to-slf4j-2.10.0.jar;D:\My\Maven\repository\org\apache\logging\log4j\log4j-api\2.10.0\log4j-api-2.10.0.jar;D:\My\Maven\repository\org\slf4j\jul-to-slf4j\1.7.25\jul-to-slf4j-1.7.25.jar;D:\My\Maven\repository\javax\annotation\javax.annotation-api\1.3.2\javax.annotation-api-1.3.2.jar;D:\My\Maven\repository\org\yaml\snakeyaml\1.19\snakeyaml-1.19.jar;D:\My\Maven\repository\org\springframework\boot\spring-boot-test\2.0.0.RELEASE\spring-boot-test-2.0.0.RELEASE.jar;D:\My\Maven\repository\org\springframework\boot\spring-boot-test-autoconfigure\2.0.0.RELEASE\spring-boot-test-autoconfigure-2.0.0.RELEASE.jar;D:\My\Maven\repository\com\jayway\jsonpath\json-path\2.4.0\json-path-2.4.0.jar;D:\My\Maven\repository\net\minidev\json-smart\2.3\json-smart-2.3.jar;D:\My\Maven\repository\net\minidev\accessors-smart\1.2\accessors-smart-1.2.jar;D:\My\Maven\repository\org\ow2\asm\asm\5.0.4\asm-5.0.4.jar;D:\My\Maven\repository\junit\junit\4.12\junit-4.12.jar;D:\My\Maven\repository\org\assertj\assertj-core\3.9.1\assertj-core-3.9.1.jar;D:\My\Maven\repository\org\mockito\mockito-core\2.15.0\mockito-core-2.15.0.jar;D:\My\Maven\repository\net\bytebuddy\byte-buddy\1.7.10\byte-buddy-1.7.10.jar;D:\My\Maven\repository\net\bytebuddy\byte-buddy-agent\1.7.10\byte-buddy-agent-1.7.10.jar;D:\My\Maven\repository\org\objenesis\objenesis\2.6\objenesis-2.6.jar;D:\My\Maven\repository\org\hamcrest\hamcrest-core\1.3\hamcrest-core-1.3.jar;D:\My\Maven\repository\org\hamcrest\hamcrest-library\1.3\hamcrest-library-1.3.jar;D:\My\Maven\repository\org\skyscreamer\jsonassert\1.5.0\jsonassert-1.5.0.jar;D:\My\Maven\repository\com\vaadin\external\google\android-json\0.0.20131108.vaadin1\android-json-0.0.20131108.vaadin1.jar;D:\My\Maven\repository\org\springframework\spring-core\5.0.4.RELEASE\spring-core-5.0.4.RELEASE.jar;D:\My\Maven\repository\org\springframework\spring-jcl\5.0.4.RELEASE\spring-jcl-5.0.4.RELEASE.jar;D:\My\Maven\repository\org\springframework\spring-test\5.0.4.RELEASE\spring-test-5.0.4.RELEASE.jar;D:\My\Maven\repository\org\xmlunit\xmlunit-core\2.5.1\xmlunit-core-2.5.1.jar;D:\My\Maven\repository\com\legend\module\legend-core-web\0.0.1-SNAPSHOT\legend-core-web-0.0.1-SNAPSHOT.jar;D:\My\Maven\repository\com\legend\module\legend-core-service\0.0.1-SNAPSHOT\legend-core-service-0.0.1-SNAPSHOT.jar;D:\My\Maven\repository\com\legend\module\legend-core-dao\0.0.1-SNAPSHOT\legend-core-dao-0.0.1-SNAPSHOT.jar;D:\My\Maven\repository\com\legend\module\legend-core-model\0.0.1-SNAPSHOT\legend-core-model-0.0.1-SNAPSHOT.jar;D:\My\Maven\repository\commons-lang\commons-lang\2.6\commons-lang-2.6.jar;D:\My\Maven\repository\com\github\pagehelper\pagehelper-spring-boot-starter\1.2.3\pagehelper-spring-boot-starter-1.2.3.jar;D:\My\Maven\repository\com\github\pagehelper\pagehelper-spring-boot-autoconfigure\1.2.3\pagehelper-spring-boot-autoconfigure-1.2.3.jar;D:\My\Maven\repository\com\github\pagehelper\pagehelper\5.1.2\pagehelper-5.1.2.jar;D:\My\Maven\repository\com\github\jsqlparser\jsqlparser\1.0\jsqlparser-1.0.jar;D:\My\Maven\repository\org\springframework\session\spring-session-jdbc\2.0.2.RELEASE\spring-session-jdbc-2.0.2.RELEASE.jar;D:\My\Maven\repository\org\springframework\session\spring-session-core\2.0.2.RELEASE\spring-session-core-2.0.2.RELEASE.jar;D:\My\Maven\repository\org\springframework\spring-jdbc\5.0.4.RELEASE\spring-jdbc-5.0.4.RELEASE.jar;D:\My\Maven\repository\org\springframework\spring-tx\5.0.4.RELEASE\spring-tx-5.0.4.RELEASE.jar;D:\My\Maven\repository\org\springframework\boot\spring-boot-starter-jdbc\2.0.0.RELEASE\spring-boot-starter-jdbc-2.0.0.RELEASE.jar;D:\My\Maven\repository\com\zaxxer\HikariCP\2.7.8\HikariCP-2.7.8.jar;D:\My\Maven\repository\org\mybatis\spring\boot\mybatis-spring-boot-starter\1.3.1\mybatis-spring-boot-starter-1.3.1.jar;D:\My\Maven\repository\org\mybatis\spring\boot\mybatis-spring-boot-autoconfigure\1.3.1\mybatis-spring-boot-autoconfigure-1.3.1.jar;D:\My\Maven\repository\org\mybatis\mybatis\3.4.5\mybatis-3.4.5.jar;D:\My\Maven\repository\org\mybatis\mybatis-spring\1.3.1\mybatis-spring-1.3.1.jar;D:\My\Maven\repository\mysql\mysql-connector-java\5.1.45\mysql-connector-java-5.1.45.jar;D:\My\Maven\repository\tk\mybatis\mapper-spring-boot-starter\1.2.3\mapper-spring-boot-starter-1.2.3.jar;D:\My\Maven\repository\tk\mybatis\mapper-spring-boot-autoconfigure\1.2.3\mapper-spring-boot-autoconfigure-1.2.3.jar;D:\My\Maven\repository\tk\mybatis\mapper\3.5.2\mapper-3.5.2.jar;D:\My\Maven\repository\javax\persistence\persistence-api\1.0\persistence-api-1.0.jar;D:\My\Maven\repository\org\springframework\boot\spring-boot-devtools\2.0.0.RELEASE\spring-boot-devtools-2.0.0.RELEASE.jar;D:\My\Maven\repository\org\springframework\boot\spring-boot-starter-aop\2.0.0.RELEASE\spring-boot-starter-aop-2.0.0.RELEASE.jar;D:\My\Maven\repository\org\springframework\spring-aop\5.0.4.RELEASE\spring-aop-5.0.4.RELEASE.jar;D:\My\Maven\repository\org\springframework\spring-beans\5.0.4.RELEASE\spring-beans-5.0.4.RELEASE.jar;D:\My\Maven\repository\org\aspectj\aspectjweaver\1.8.13\aspectjweaver-1.8.13.jar;D:\My\Maven\repository\org\springframework\boot\spring-boot-starter-cache\2.0.0.RELEASE\spring-boot-starter-cache-2.0.0.RELEASE.jar;D:\My\Maven\repository\org\springframework\spring-context\5.0.4.RELEASE\spring-context-5.0.4.RELEASE.jar;D:\My\Maven\repository\org\springframework\spring-expression\5.0.4.RELEASE\spring-expression-5.0.4.RELEASE.jar;D:\My\Maven\repository\org\springframework\spring-context-support\5.0.4.RELEASE\spring-context-support-5.0.4.RELEASE.jar;D:\My\Maven\repository\org\springframework\boot\spring-boot-starter-validation\2.0.0.RELEASE\spring-boot-starter-validation-2.0.0.RELEASE.jar;D:\My\Maven\repository\org\apache\tomcat\embed\tomcat-embed-el\8.5.28\tomcat-embed-el-8.5.28.jar;D:\My\Maven\repository\org\hibernate\validator\hibernate-validator\6.0.7.Final\hibernate-validator-6.0.7.Final.jar;D:\My\Maven\repository\javax\validation\validation-api\2.0.1.Final\validation-api-2.0.1.Final.jar;D:\My\Maven\repository\org\jboss\logging\jboss-logging\3.3.2.Final\jboss-logging-3.3.2.Final.jar;D:\My\Maven\repository\com\fasterxml\classmate\1.3.4\classmate-1.3.4.jar;D:\My\Maven\repository\org\springframework\boot\spring-boot-starter-web\2.0.0.RELEASE\spring-boot-starter-web-2.0.0.RELEASE.jar;D:\My\Maven\repository\org\springframework\boot\spring-boot-starter-json\2.0.0.RELEASE\spring-boot-starter-json-2.0.0.RELEASE.jar;D:\My\Maven\repository\com\fasterxml\jackson\core\jackson-databind\2.9.4\jackson-databind-2.9.4.jar;D:\My\Maven\repository\com\fasterxml\jackson\core\jackson-annotations\2.9.0\jackson-annotations-2.9.0.jar;D:\My\Maven\repository\com\fasterxml\jackson\core\jackson-core\2.9.4\jackson-core-2.9.4.jar;D:\My\Maven\repository\com\fasterxml\jackson\datatype\jackson-datatype-jdk8\2.9.4\jackson-datatype-jdk8-2.9.4.jar;D:\My\Maven\repository\com\fasterxml\jackson\datatype\jackson-datatype-jsr310\2.9.4\jackson-datatype-jsr310-2.9.4.jar;D:\My\Maven\repository\com\fasterxml\jackson\module\jackson-module-parameter-names\2.9.4\jackson-module-parameter-names-2.9.4.jar;D:\My\Maven\repository\org\springframework\boot\spring-boot-starter-tomcat\2.0.0.RELEASE\spring-boot-starter-tomcat-2.0.0.RELEASE.jar;D:\My\Maven\repository\org\apache\tomcat\embed\tomcat-embed-core\8.5.28\tomcat-embed-core-8.5.28.jar;D:\My\Maven\repository\org\apache\tomcat\embed\tomcat-embed-websocket\8.5.28\tomcat-embed-websocket-8.5.28.jar;D:\My\Maven\repository\org\springframework\spring-web\5.0.4.RELEASE\spring-web-5.0.4.RELEASE.jar;D:\My\Maven\repository\org\springframework\spring-webmvc\5.0.4.RELEASE\spring-webmvc-5.0.4.RELEASE.jar;D:\My\Maven\repository\org\projectlombok\lombok\1.16.20\lombok-1.16.20.jar;D:\My\Maven\repository\com\alibaba\druid-spring-boot-starter\1.1.8\druid-spring-boot-starter-1.1.8.jar;D:\My\Maven\repository\com\alibaba\druid\1.1.8\druid-1.1.8.jar;D:\My\Maven\repository\org\slf4j\slf4j-api\1.7.25\slf4j-api-1.7.25.jar;D:\My\Maven\repository\org\springframework\boot\spring-boot-autoconfigure\2.0.0.RELEASE\spring-boot-autoconfigure-2.0.0.RELEASE.jar;"/>
        <property name="java.vm.vendor" value="Oracle Corporation"/>
        <property name="sun.arch.data.model" value="64"/>
        <property name="user.variant" value=""/>
        <property name="java.vendor.url" value="http://java.oracle.com/"/>
        <property name="user.timezone" value=""/>
        <property name="java.vm.specification.version" value="1.8"/>
        <property name="os.name" value="Windows 10"/>
        <property name="user.country" value="CN"/>
        <property name="sun.java.launcher" value="SUN_STANDARD"/>
        <property name="sun.boot.library.path" value="D:\My\jdk\jdk1.8\jre\bin"/>
        <property name="sun.java.command"
                  value="C:\Users\ADMINI~1\AppData\Local\Temp\surefire2666351337538568277\surefirebooter1620643811838083490.jar C:\Users\Administrator\AppData\Local\Temp\surefire2666351337538568277 2018-03-27T13-59-42_775-jvmRun1 surefire3145661415541802994tmp surefire_07036066692810446662tmp"/>
        <property name="surefire.test.class.path"
                  value="D:\My\git\repositories\Bugs\legend-cloud\legend-campus\legend-campus-facade\target\test-classes;D:\My\git\repositories\Bugs\legend-cloud\legend-campus\legend-campus-facade\target\classes;D:\My\git\repositories\Bugs\legend-cloud\legend-campus\legend-campus-service\target\legend-campus-service-0.0.1-SNAPSHOT.jar;D:\My\git\repositories\Bugs\legend-cloud\legend-campus\legend-campus-dao\target\legend-campus-dao-0.0.1-SNAPSHOT.jar;D:\My\Maven\repository\org\springframework\boot\spring-boot-configuration-processor\2.0.0.RELEASE\spring-boot-configuration-processor-2.0.0.RELEASE.jar;D:\My\Maven\repository\org\springframework\boot\spring-boot-starter-test\2.0.0.RELEASE\spring-boot-starter-test-2.0.0.RELEASE.jar;D:\My\Maven\repository\org\springframework\boot\spring-boot-starter\2.0.0.RELEASE\spring-boot-starter-2.0.0.RELEASE.jar;D:\My\Maven\repository\org\springframework\boot\spring-boot\2.0.0.RELEASE\spring-boot-2.0.0.RELEASE.jar;D:\My\Maven\repository\org\springframework\boot\spring-boot-starter-logging\2.0.0.RELEASE\spring-boot-starter-logging-2.0.0.RELEASE.jar;D:\My\Maven\repository\ch\qos\logback\logback-classic\1.2.3\logback-classic-1.2.3.jar;D:\My\Maven\repository\ch\qos\logback\logback-core\1.2.3\logback-core-1.2.3.jar;D:\My\Maven\repository\org\apache\logging\log4j\log4j-to-slf4j\2.10.0\log4j-to-slf4j-2.10.0.jar;D:\My\Maven\repository\org\apache\logging\log4j\log4j-api\2.10.0\log4j-api-2.10.0.jar;D:\My\Maven\repository\org\slf4j\jul-to-slf4j\1.7.25\jul-to-slf4j-1.7.25.jar;D:\My\Maven\repository\javax\annotation\javax.annotation-api\1.3.2\javax.annotation-api-1.3.2.jar;D:\My\Maven\repository\org\yaml\snakeyaml\1.19\snakeyaml-1.19.jar;D:\My\Maven\repository\org\springframework\boot\spring-boot-test\2.0.0.RELEASE\spring-boot-test-2.0.0.RELEASE.jar;D:\My\Maven\repository\org\springframework\boot\spring-boot-test-autoconfigure\2.0.0.RELEASE\spring-boot-test-autoconfigure-2.0.0.RELEASE.jar;D:\My\Maven\repository\com\jayway\jsonpath\json-path\2.4.0\json-path-2.4.0.jar;D:\My\Maven\repository\net\minidev\json-smart\2.3\json-smart-2.3.jar;D:\My\Maven\repository\net\minidev\accessors-smart\1.2\accessors-smart-1.2.jar;D:\My\Maven\repository\org\ow2\asm\asm\5.0.4\asm-5.0.4.jar;D:\My\Maven\repository\junit\junit\4.12\junit-4.12.jar;D:\My\Maven\repository\org\assertj\assertj-core\3.9.1\assertj-core-3.9.1.jar;D:\My\Maven\repository\org\mockito\mockito-core\2.15.0\mockito-core-2.15.0.jar;D:\My\Maven\repository\net\bytebuddy\byte-buddy\1.7.10\byte-buddy-1.7.10.jar;D:\My\Maven\repository\net\bytebuddy\byte-buddy-agent\1.7.10\byte-buddy-agent-1.7.10.jar;D:\My\Maven\repository\org\objenesis\objenesis\2.6\objenesis-2.6.jar;D:\My\Maven\repository\org\hamcrest\hamcrest-core\1.3\hamcrest-core-1.3.jar;D:\My\Maven\repository\org\hamcrest\hamcrest-library\1.3\hamcrest-library-1.3.jar;D:\My\Maven\repository\org\skyscreamer\jsonassert\1.5.0\jsonassert-1.5.0.jar;D:\My\Maven\repository\com\vaadin\external\google\android-json\0.0.20131108.vaadin1\android-json-0.0.20131108.vaadin1.jar;D:\My\Maven\repository\org\springframework\spring-core\5.0.4.RELEASE\spring-core-5.0.4.RELEASE.jar;D:\My\Maven\repository\org\springframework\spring-jcl\5.0.4.RELEASE\spring-jcl-5.0.4.RELEASE.jar;D:\My\Maven\repository\org\springframework\spring-test\5.0.4.RELEASE\spring-test-5.0.4.RELEASE.jar;D:\My\Maven\repository\org\xmlunit\xmlunit-core\2.5.1\xmlunit-core-2.5.1.jar;D:\My\Maven\repository\com\legend\module\legend-core-web\0.0.1-SNAPSHOT\legend-core-web-0.0.1-SNAPSHOT.jar;D:\My\Maven\repository\com\legend\module\legend-core-service\0.0.1-SNAPSHOT\legend-core-service-0.0.1-SNAPSHOT.jar;D:\My\Maven\repository\com\legend\module\legend-core-dao\0.0.1-SNAPSHOT\legend-core-dao-0.0.1-SNAPSHOT.jar;D:\My\Maven\repository\com\legend\module\legend-core-model\0.0.1-SNAPSHOT\legend-core-model-0.0.1-SNAPSHOT.jar;D:\My\Maven\repository\commons-lang\commons-lang\2.6\commons-lang-2.6.jar;D:\My\Maven\repository\com\github\pagehelper\pagehelper-spring-boot-starter\1.2.3\pagehelper-spring-boot-starter-1.2.3.jar;D:\My\Maven\repository\com\github\pagehelper\pagehelper-spring-boot-autoconfigure\1.2.3\pagehelper-spring-boot-autoconfigure-1.2.3.jar;D:\My\Maven\repository\com\github\pagehelper\pagehelper\5.1.2\pagehelper-5.1.2.jar;D:\My\Maven\repository\com\github\jsqlparser\jsqlparser\1.0\jsqlparser-1.0.jar;D:\My\Maven\repository\org\springframework\session\spring-session-jdbc\2.0.2.RELEASE\spring-session-jdbc-2.0.2.RELEASE.jar;D:\My\Maven\repository\org\springframework\session\spring-session-core\2.0.2.RELEASE\spring-session-core-2.0.2.RELEASE.jar;D:\My\Maven\repository\org\springframework\spring-jdbc\5.0.4.RELEASE\spring-jdbc-5.0.4.RELEASE.jar;D:\My\Maven\repository\org\springframework\spring-tx\5.0.4.RELEASE\spring-tx-5.0.4.RELEASE.jar;D:\My\Maven\repository\org\springframework\boot\spring-boot-starter-jdbc\2.0.0.RELEASE\spring-boot-starter-jdbc-2.0.0.RELEASE.jar;D:\My\Maven\repository\com\zaxxer\HikariCP\2.7.8\HikariCP-2.7.8.jar;D:\My\Maven\repository\org\mybatis\spring\boot\mybatis-spring-boot-starter\1.3.1\mybatis-spring-boot-starter-1.3.1.jar;D:\My\Maven\repository\org\mybatis\spring\boot\mybatis-spring-boot-autoconfigure\1.3.1\mybatis-spring-boot-autoconfigure-1.3.1.jar;D:\My\Maven\repository\org\mybatis\mybatis\3.4.5\mybatis-3.4.5.jar;D:\My\Maven\repository\org\mybatis\mybatis-spring\1.3.1\mybatis-spring-1.3.1.jar;D:\My\Maven\repository\mysql\mysql-connector-java\5.1.45\mysql-connector-java-5.1.45.jar;D:\My\Maven\repository\tk\mybatis\mapper-spring-boot-starter\1.2.3\mapper-spring-boot-starter-1.2.3.jar;D:\My\Maven\repository\tk\mybatis\mapper-spring-boot-autoconfigure\1.2.3\mapper-spring-boot-autoconfigure-1.2.3.jar;D:\My\Maven\repository\tk\mybatis\mapper\3.5.2\mapper-3.5.2.jar;D:\My\Maven\repository\javax\persistence\persistence-api\1.0\persistence-api-1.0.jar;D:\My\Maven\repository\org\springframework\boot\spring-boot-devtools\2.0.0.RELEASE\spring-boot-devtools-2.0.0.RELEASE.jar;D:\My\Maven\repository\org\springframework\boot\spring-boot-starter-aop\2.0.0.RELEASE\spring-boot-starter-aop-2.0.0.RELEASE.jar;D:\My\Maven\repository\org\springframework\spring-aop\5.0.4.RELEASE\spring-aop-5.0.4.RELEASE.jar;D:\My\Maven\repository\org\springframework\spring-beans\5.0.4.RELEASE\spring-beans-5.0.4.RELEASE.jar;D:\My\Maven\repository\org\aspectj\aspectjweaver\1.8.13\aspectjweaver-1.8.13.jar;D:\My\Maven\repository\org\springframework\boot\spring-boot-starter-cache\2.0.0.RELEASE\spring-boot-starter-cache-2.0.0.RELEASE.jar;D:\My\Maven\repository\org\springframework\spring-context\5.0.4.RELEASE\spring-context-5.0.4.RELEASE.jar;D:\My\Maven\repository\org\springframework\spring-expression\5.0.4.RELEASE\spring-expression-5.0.4.RELEASE.jar;D:\My\Maven\repository\org\springframework\spring-context-support\5.0.4.RELEASE\spring-context-support-5.0.4.RELEASE.jar;D:\My\Maven\repository\org\springframework\boot\spring-boot-starter-validation\2.0.0.RELEASE\spring-boot-starter-validation-2.0.0.RELEASE.jar;D:\My\Maven\repository\org\apache\tomcat\embed\tomcat-embed-el\8.5.28\tomcat-embed-el-8.5.28.jar;D:\My\Maven\repository\org\hibernate\validator\hibernate-validator\6.0.7.Final\hibernate-validator-6.0.7.Final.jar;D:\My\Maven\repository\javax\validation\validation-api\2.0.1.Final\validation-api-2.0.1.Final.jar;D:\My\Maven\repository\org\jboss\logging\jboss-logging\3.3.2.Final\jboss-logging-3.3.2.Final.jar;D:\My\Maven\repository\com\fasterxml\classmate\1.3.4\classmate-1.3.4.jar;D:\My\Maven\repository\org\springframework\boot\spring-boot-starter-web\2.0.0.RELEASE\spring-boot-starter-web-2.0.0.RELEASE.jar;D:\My\Maven\repository\org\springframework\boot\spring-boot-starter-json\2.0.0.RELEASE\spring-boot-starter-json-2.0.0.RELEASE.jar;D:\My\Maven\repository\com\fasterxml\jackson\core\jackson-databind\2.9.4\jackson-databind-2.9.4.jar;D:\My\Maven\repository\com\fasterxml\jackson\core\jackson-annotations\2.9.0\jackson-annotations-2.9.0.jar;D:\My\Maven\repository\com\fasterxml\jackson\core\jackson-core\2.9.4\jackson-core-2.9.4.jar;D:\My\Maven\repository\com\fasterxml\jackson\datatype\jackson-datatype-jdk8\2.9.4\jackson-datatype-jdk8-2.9.4.jar;D:\My\Maven\repository\com\fasterxml\jackson\datatype\jackson-datatype-jsr310\2.9.4\jackson-datatype-jsr310-2.9.4.jar;D:\My\Maven\repository\com\fasterxml\jackson\module\jackson-module-parameter-names\2.9.4\jackson-module-parameter-names-2.9.4.jar;D:\My\Maven\repository\org\springframework\boot\spring-boot-starter-tomcat\2.0.0.RELEASE\spring-boot-starter-tomcat-2.0.0.RELEASE.jar;D:\My\Maven\repository\org\apache\tomcat\embed\tomcat-embed-core\8.5.28\tomcat-embed-core-8.5.28.jar;D:\My\Maven\repository\org\apache\tomcat\embed\tomcat-embed-websocket\8.5.28\tomcat-embed-websocket-8.5.28.jar;D:\My\Maven\repository\org\springframework\spring-web\5.0.4.RELEASE\spring-web-5.0.4.RELEASE.jar;D:\My\Maven\repository\org\springframework\spring-webmvc\5.0.4.RELEASE\spring-webmvc-5.0.4.RELEASE.jar;D:\My\Maven\repository\org\projectlombok\lombok\1.16.20\lombok-1.16.20.jar;D:\My\Maven\repository\com\alibaba\druid-spring-boot-starter\1.1.8\druid-spring-boot-starter-1.1.8.jar;D:\My\Maven\repository\com\alibaba\druid\1.1.8\druid-1.1.8.jar;D:\My\Maven\repository\org\slf4j\slf4j-api\1.7.25\slf4j-api-1.7.25.jar;D:\My\Maven\repository\org\springframework\boot\spring-boot-autoconfigure\2.0.0.RELEASE\spring-boot-autoconfigure-2.0.0.RELEASE.jar;"/>
        <property name="sun.cpu.endian" value="little"/>
        <property name="user.home" value="C:\Users\Administrator"/>
        <property name="user.language" value="zh"/>
        <property name="java.specification.vendor" value="Oracle Corporation"/>
        <property name="java.home" value="D:\My\jdk\jdk1.8\jre"/>
        <property name="basedir" value="D:\My\git\repositories\Bugs\legend-cloud\legend-campus\legend-campus-facade"/>
        <property name="file.separator" value="\"/>
        <property name="line.separator" value="&#10;"/>
        <property name="java.vm.specification.vendor" value="Oracle Corporation"/>
        <property name="java.specification.name" value="Java Platform API Specification"/>
        <property name="java.awt.graphicsenv" value="sun.awt.Win32GraphicsEnvironment"/>
        <property name="surefire.real.class.path"
                  value="C:\Users\ADMINI~1\AppData\Local\Temp\surefire2666351337538568277\surefirebooter1620643811838083490.jar"/>
        <property name="sun.boot.class.path"
                  value="D:\My\jdk\jdk1.8\jre\lib\resources.jar;D:\My\jdk\jdk1.8\jre\lib\rt.jar;D:\My\jdk\jdk1.8\jre\lib\sunrsasign.jar;D:\My\jdk\jdk1.8\jre\lib\jsse.jar;D:\My\jdk\jdk1.8\jre\lib\jce.jar;D:\My\jdk\jdk1.8\jre\lib\charsets.jar;D:\My\jdk\jdk1.8\jre\lib\jfr.jar;D:\My\jdk\jdk1.8\jre\classes"/>
        <property name="user.script" value=""/>
        <property name="sun.management.compiler" value="HotSpot 64-Bit Tiered Compilers"/>
        <property name="java.runtime.version" value="1.8.0_144-b01"/>
        <property name="user.name" value="Administrator"/>
        <property name="path.separator" value=";"/>
        <property name="os.version" value="10.0"/>
        <property name="java.endorsed.dirs" value="D:\My\jdk\jdk1.8\jre\lib\endorsed"/>
        <property name="java.runtime.name" value="Java(TM) SE Runtime Environment"/>
        <property name="file.encoding" value="GBK"/>
        <property name="java.vm.name" value="Java HotSpot(TM) 64-Bit Server VM"/>
        <property name="localRepository" value="D:\My\Maven\repository"/>
        <property name="java.vendor.url.bug" value="http://bugreport.sun.com/bugreport/"/>
        <property name="java.io.tmpdir" value="C:\Users\ADMINI~1\AppData\Local\Temp\"/>
        <property name="idea.version" value="2017.2.3"/>
        <property name="java.version" value="1.8.0_144"/>
        <property name="user.dir" value="D:\My\git\repositories\Bugs\legend-cloud\legend-campus\legend-campus-facade"/>
        <property name="os.arch" value="amd64"/>
        <property name="java.vm.specification.name" value="Java Virtual Machine Specification"/>
        <property name="java.awt.printerjob" value="sun.awt.windows.WPrinterJob"/>
        <property name="sun.os.patch.level" value=""/>
        <property name="java.library.path"
                  value="D:\My\jdk\jdk1.8\jre\bin;C:\WINDOWS\Sun\Java\bin;C:\WINDOWS\system32;C:\WINDOWS;G:\Software\Git\Git\cmd;D:\My\jdk\jdk1.8\bin;D:\My\jre\jdk1.8\bin;D:\My\Maven\apache-maven-3.5.0\bin;D:\My\android\SDK\android-sdk-windows\platform-tools;D:\My\android\SDK\android-sdk-windows\tools;C:\ProgramData\Oracle\Java\javapath;D:\app\Administrator\product\11.2.0\dbhome_1\bin;C:\WINDOWS\system32;C:\WINDOWS;C:\WINDOWS\System32\Wbem;C:\WINDOWS\System32\WindowsPowerShell\v1.0\;C:\Program Files (x86)\NVIDIA Corporation\PhysX\Common;D:\My\SQLServer\x64\110\DTS\Binn\;D:\My\SQLServer\x86\110\Tools\Binn\;D:\My\SQLServer\x64\110\Tools\Binn\;D:\My\SQLServer\x86\110\Tools\Binn\ManagementStudio\;C:\Program Files (x86)\Microsoft Visual Studio 10.0\Common7\IDE\PrivateAssemblies\;D:\My\SQLServer\x86\110\DTS\Binn\;G:\Software\Java\tool\svn\bin;G:\Software\node.js\;C:\WINDOWS\system32;C:\WINDOWS;C:\WINDOWS\System32\Wbem;C:\WINDOWS\System32\WindowsPowerShell\v1.0\;C:\Users\Administrator\AppData\Local\Microsoft\WindowsApps;C:\Users\Administrator\AppData\Roaming\npm;C:\Users\Administrator\AppData\Local\GitHubDesktop\bin;."/>
        <property name="java.vm.info" value="mixed mode"/>
        <property name="java.vendor" value="Oracle Corporation"/>
        <property name="java.vm.version" value="25.144-b01"/>
        <property name="java.ext.dirs" value="D:\My\jdk\jdk1.8\jre\lib\ext;C:\WINDOWS\Sun\Java\lib\ext"/>
        <property name="sun.io.unicode.encoding" value="UnicodeLittle"/>
        <property name="java.class.version" value="52.0"/>
    </properties>
    <testcase name="contextLoads" classname="com.legend.cloud.campus.facade.LegendCampusFacadeApplicationTests"
              time="0.07"/>
</testsuite>